{"level":"info","ts":"2023-07-11T14:17:32.160+0800","msg":"tcp is enabled","func":"clientsearch.Connect_init","file":"/home/peggy/edetector_go/internal/clientsearch/main.go","line":32}
{"level":"info","ts":"2023-07-11T14:17:33.255+0800","msg":"task server is enabled","func":"clientsearch.Connect_init","file":"/home/peggy/edetector_go/internal/clientsearch/main.go","line":58}
{"level":"info","ts":"2023-07-11T14:17:42.044+0800","msg":"GiveInfo: ","message":"x64|Windows 10 Home (Virtualbox)|WIN10|SYSTEM|3.4.2.0,1988,1989|20230711130215|8beba472f3f44cabbbb44fd232171933|0","func":"work.GiveInfo","file":"/home/peggy/edetector_go/internal/work/giveInfo.go","line":20}
{"level":"info","ts":"2023-07-11T14:17:42.067+0800","msg":"GiveDetectInfoFirst: ","message":"0|0","func":"work.GiveDetectInfoFirst","file":"/home/peggy/edetector_go/internal/work/givedetectinfofirst.go","line":16}
{"level":"info","ts":"2023-07-11T14:17:42.133+0800","msg":"GiveDetectInfo: ","message":"0|0","func":"work.GiveDetectInfo","file":"/home/peggy/edetector_go/internal/work/givedetectinfofirst.go","line":32}
{"level":"info","ts":"2023-07-11T14:17:48.137+0800","msg":"CheckConnect: ","key":"8beba472f3f44cabbbb44fd232171933","func":"work.CheckConnect","file":"/home/peggy/edetector_go/internal/work/checkconnect.go","line":14}
{"level":"info","ts":"2023-07-11T14:17:49.822+0800","msg":"Receive task from user","function":"StartCollect","func":"clientsearch.handleTaskrequest","file":"/home/peggy/edetector_go/internal/clientsearch/fromclient.go","line":182}
{"level":"info","ts":"2023-07-11T14:17:49.822+0800","msg":"StartCollect: ","message":"null","func":"work_from_api.StartCollect","file":"/home/peggy/edetector_go/internal/work_from_api/getcollect.go","line":14}
{"level":"info","ts":"2023-07-11T14:17:53.216+0800","msg":"ImportStartup: ","message":"All","func":"work.ImportStartup","file":"/home/peggy/edetector_go/internal/work/givecollectdata.go","line":28}
{"level":"info","ts":"2023-07-11T14:17:53.262+0800","msg":"CollectInfo: ","message":"0","func":"work.CollectInfo","file":"/home/peggy/edetector_go/internal/work/givecollectdata.go","line":44}
{"level":"info","ts":"2023-07-11T14:17:54.289+0800","msg":"CheckConnect: ","key":"null","func":"work.CheckConnect","file":"/home/peggy/edetector_go/internal/work/checkconnect.go","line":14}
{"level":"info","ts":"2023-07-11T14:17:58.139+0800","msg":"GiveCollectProgress: ","message":"1/2","func":"work.GiveCollectProgress","file":"/home/peggy/edetector_go/internal/work/givecollectdata.go","line":60}
{"level":"info","ts":"2023-07-11T14:18:00.298+0800","msg":"CheckConnect: ","key":"null","func":"work.CheckConnect","file":"/home/peggy/edetector_go/internal/work/checkconnect.go","line":14}
{"level":"info","ts":"2023-07-11T14:18:00.449+0800","msg":"GiveCollectProgress: ","message":"2/2","func":"work.GiveCollectProgress","file":"/home/peggy/edetector_go/internal/work/givecollectdata.go","line":60}
{"level":"info","ts":"2023-07-11T14:18:01.309+0800","msg":"GiveCollectDataInfo: ","message":"110592","func":"work.GiveCollectDataInfo","file":"/home/peggy/edetector_go/internal/work/givecollectdata.go","line":75}
{"level":"info","ts":"2023-07-11T14:18:01.533+0800","msg":"GiveCollectData: ","message":"SQLite format 3","func":"work.GiveCollectData","file":"/home/peggy/edetector_go/internal/work/givecollectdata.go","line":96}
{"level":"info","ts":"2023-07-11T14:18:01.788+0800","msg":"GiveCollectData: ","message":" ","func":"work.GiveCollectData","file":"/home/peggy/edetector_go/internal/work/givecollectdata.go","line":96}
{"level":"info","ts":"2023-07-11T14:18:02.052+0800","msg":"GiveCollectDataEnd: ","message":"","func":"work.GiveCollectDataEnd","file":"/home/peggy/edetector_go/internal/work/givecollectdata.go","line":138}
{"level":"info","ts":"2023-07-11T14:18:06.242+0800","msg":"CheckConnect: ","key":"null","func":"work.CheckConnect","file":"/home/peggy/edetector_go/internal/work/checkconnect.go","line":14}
{"level":"debug","ts":"2023-07-11T14:18:08.291+0800","msg":"Connection close","func":"clientsearch.handleTCPRequest","file":"/home/peggy/edetector_go/internal/clientsearch/fromclient.go","line":59}
{"level":"debug","ts":"2023-07-11T14:18:23.245+0800","msg":"Connection close","func":"clientsearch.handleTCPRequest","file":"/home/peggy/edetector_go/internal/clientsearch/fromclient.go","line":59}
{"level":"info","ts":"2023-07-11T14:21:11.400+0800","msg":"Connection closed","func":"server.Main","file":"/home/peggy/edetector_go/internal/server/server.go","line":34}
